[debug] [2021-04-24T18:00:32.822Z] ----------------------------------------------------------------------
[debug] [2021-04-24T18:00:32.826Z] Command:       C:\Program Files\nodejs\node.exe C:\Users\RAGHU\AppData\Roaming\npm\node_modules\firebase-tools\lib\bin\firebase.js deploy
[debug] [2021-04-24T18:00:32.827Z] CLI Version:   9.10.0
[debug] [2021-04-24T18:00:32.827Z] Platform:      win32
[debug] [2021-04-24T18:00:32.827Z] Node Version:  v12.18.0
[debug] [2021-04-24T18:00:32.830Z] Time:          Sat Apr 24 2021 23:30:32 GMT+0530 (India Standard Time)
[debug] [2021-04-24T18:00:32.830Z] ----------------------------------------------------------------------
[debug] 
[debug] [2021-04-24T18:00:32.861Z] > command requires scopes: ["email","openid","https://www.googleapis.com/auth/cloudplatformprojects.readonly","https://www.googleapis.com/auth/firebase","https://www.googleapis.com/auth/cloud-platform"]
[debug] [2021-04-24T18:00:32.862Z] > authorizing via signed-in user (raghunath18m@gmail.com)
[debug] [2021-04-24T18:00:32.862Z] [iam] checking project firegram-28d73 for permissions ["datastore.indexes.create","datastore.indexes.delete","datastore.indexes.list","datastore.indexes.update","firebase.projects.get","firebasedatabase.instances.update","firebasehosting.sites.update","firebaserules.releases.create","firebaserules.releases.update","firebaserules.rulesets.create"]
[debug] [2021-04-24T18:00:32.868Z] > refreshing access token with scopes: ["email","https://www.googleapis.com/auth/cloud-platform","https://www.googleapis.com/auth/cloudplatformprojects.readonly","https://www.googleapis.com/auth/firebase","openid"]
[debug] [2021-04-24T18:00:32.869Z] >>> HTTP REQUEST POST https://www.googleapis.com/oauth2/v3/token  
 <request body omitted>
[debug] [2021-04-24T18:00:33.354Z] <<< HTTP RESPONSE 200 {"expires":"Mon, 01 Jan 1990 00:00:00 GMT","cache-control":"no-cache, no-store, max-age=0, must-revalidate","pragma":"no-cache","date":"Sat, 24 Apr 2021 18:00:34 GMT","content-type":"application/json; charset=utf-8","vary":"X-Origin, Referer, Origin,Accept-Encoding","server":"scaffolding on HTTPServer2","x-xss-protection":"0","x-frame-options":"SAMEORIGIN","x-content-type-options":"nosniff","alt-svc":"h3-29=\":443\"; ma=2592000,h3-T051=\":443\"; ma=2592000,h3-Q050=\":443\"; ma=2592000,h3-Q046=\":443\"; ma=2592000,h3-Q043=\":443\"; ma=2592000,quic=\":443\"; ma=2592000; v=\"46,43\"","accept-ranges":"none","transfer-encoding":"chunked"}
[debug] [2021-04-24T18:00:33.467Z] >>> HTTP REQUEST POST https://cloudresourcemanager.googleapis.com/v1/projects/firegram-28d73:testIamPermissions  
 {"permissions":["datastore.indexes.create","datastore.indexes.delete","datastore.indexes.list","datastore.indexes.update","firebase.projects.get","firebasedatabase.instances.update","firebasehosting.sites.update","firebaserules.releases.create","firebaserules.releases.update","firebaserules.rulesets.create"]}
[debug] [2021-04-24T18:00:35.338Z] <<< HTTP RESPONSE 200 {"content-type":"application/json; charset=UTF-8","vary":"X-Origin, Referer, Origin,Accept-Encoding","date":"Sat, 24 Apr 2021 18:00:36 GMT","server":"ESF","cache-control":"private","x-xss-protection":"0","x-frame-options":"SAMEORIGIN","x-content-type-options":"nosniff","server-timing":"gfet4t7; dur=1308","alt-svc":"h3-29=\":443\"; ma=2592000,h3-T051=\":443\"; ma=2592000,h3-Q050=\":443\"; ma=2592000,h3-Q046=\":443\"; ma=2592000,h3-Q043=\":443\"; ma=2592000,quic=\":443\"; ma=2592000; v=\"46,43\"","accept-ranges":"none","transfer-encoding":"chunked"}
[debug] [2021-04-24T18:00:35.343Z] > refreshing access token with scopes: []
[debug] [2021-04-24T18:00:35.344Z] >>> HTTP REQUEST POST https://www.googleapis.com/oauth2/v3/token  
 <request body omitted>
[debug] [2021-04-24T18:00:35.760Z] <<< HTTP RESPONSE 200 {"pragma":"no-cache","cache-control":"no-cache, no-store, max-age=0, must-revalidate","date":"Sat, 24 Apr 2021 18:00:36 GMT","expires":"Mon, 01 Jan 1990 00:00:00 GMT","content-type":"application/json; charset=utf-8","vary":"X-Origin, Referer, Origin,Accept-Encoding","server":"scaffolding on HTTPServer2","x-xss-protection":"0","x-frame-options":"SAMEORIGIN","x-content-type-options":"nosniff","alt-svc":"h3-29=\":443\"; ma=2592000,h3-T051=\":443\"; ma=2592000,h3-Q050=\":443\"; ma=2592000,h3-Q046=\":443\"; ma=2592000,h3-Q043=\":443\"; ma=2592000,quic=\":443\"; ma=2592000; v=\"46,43\"","accept-ranges":"none","transfer-encoding":"chunked"}
[debug] [2021-04-24T18:00:35.834Z] >>> [apiv2][query] GET https://firebase.googleapis.com/v1beta1/projects/firegram-28d73 [none]
[debug] [2021-04-24T18:00:36.544Z] <<< [apiv2][status] GET https://firebase.googleapis.com/v1beta1/projects/firegram-28d73 200
[debug] [2021-04-24T18:00:36.545Z] <<< [apiv2][body] GET https://firebase.googleapis.com/v1beta1/projects/firegram-28d73 {"projectId":"firegram-28d73","projectNumber":"82912180617","displayName":"firegram","name":"projects/firegram-28d73","resources":{"hostingSite":"firegram-28d73","realtimeDatabaseInstance":"firegram-28d73-default-rtdb","storageBucket":"firegram-28d73.appspot.com","locationId":"us-central"},"state":"ACTIVE"}
[debug] [2021-04-24T18:00:36.547Z] >>> [apiv2][query] GET https://firebase.googleapis.com/v1beta1/projects/firegram-28d73 [none]
[debug] [2021-04-24T18:00:37.145Z] <<< [apiv2][status] GET https://firebase.googleapis.com/v1beta1/projects/firegram-28d73 200
[debug] [2021-04-24T18:00:37.146Z] <<< [apiv2][body] GET https://firebase.googleapis.com/v1beta1/projects/firegram-28d73 {"projectId":"firegram-28d73","projectNumber":"82912180617","displayName":"firegram","name":"projects/firegram-28d73","resources":{"hostingSite":"firegram-28d73","realtimeDatabaseInstance":"firegram-28d73-default-rtdb","storageBucket":"firegram-28d73.appspot.com","locationId":"us-central"},"state":"ACTIVE"}
[info] 
[info] === Deploying to 'firegram-28d73'...
[info] 
[info] i  deploying database, storage, firestore, hosting 
[info] i  database: checking rules syntax... 
[debug] [2021-04-24T18:00:37.156Z] > refreshing access token with scopes: ["email","https://www.googleapis.com/auth/cloud-platform","https://www.googleapis.com/auth/cloudplatformprojects.readonly","https://www.googleapis.com/auth/firebase","openid"]
[debug] [2021-04-24T18:00:37.157Z] >>> HTTP REQUEST POST https://www.googleapis.com/oauth2/v3/token  
 <request body omitted>
[debug] [2021-04-24T18:00:37.639Z] <<< HTTP RESPONSE 200 {"cache-control":"no-cache, no-store, max-age=0, must-revalidate","expires":"Mon, 01 Jan 1990 00:00:00 GMT","date":"Sat, 24 Apr 2021 18:00:38 GMT","pragma":"no-cache","content-type":"application/json; charset=utf-8","vary":"X-Origin, Referer, Origin,Accept-Encoding","server":"scaffolding on HTTPServer2","x-xss-protection":"0","x-frame-options":"SAMEORIGIN","x-content-type-options":"nosniff","alt-svc":"h3-29=\":443\"; ma=2592000,h3-T051=\":443\"; ma=2592000,h3-Q050=\":443\"; ma=2592000,h3-Q046=\":443\"; ma=2592000,h3-Q043=\":443\"; ma=2592000,quic=\":443\"; ma=2592000; v=\"46,43\"","accept-ranges":"none","transfer-encoding":"chunked"}
[debug] [2021-04-24T18:00:37.872Z] >>> HTTP REQUEST GET https://firebasedatabase.googleapis.com/v1beta/projects/firegram-28d73/locations/-/instances/firegram-28d73-default-rtdb  
 
[debug] [2021-04-24T18:00:38.754Z] <<< HTTP RESPONSE 200 {"content-type":"application/json; charset=UTF-8","vary":"X-Origin, Referer, Origin,Accept-Encoding","date":"Sat, 24 Apr 2021 18:00:39 GMT","server":"ESF","cache-control":"private","x-xss-protection":"0","x-frame-options":"SAMEORIGIN","x-content-type-options":"nosniff","alt-svc":"h3-29=\":443\"; ma=2592000,h3-T051=\":443\"; ma=2592000,h3-Q050=\":443\"; ma=2592000,h3-Q046=\":443\"; ma=2592000,h3-Q043=\":443\"; ma=2592000,quic=\":443\"; ma=2592000; v=\"46,43\"","accept-ranges":"none","transfer-encoding":"chunked"}
[debug] [2021-04-24T18:00:38.757Z] >>> HTTP REQUEST PUT https://firegram-28d73-default-rtdb.firebaseio.com/.settings/rules.json?dryRun=true  
 {
  "rules": {
    ".read": "now < 1621794600000",  // 2021-5-24
    ".write": "now < 1621794600000",  // 2021-5-24
  }
}
[debug] [2021-04-24T18:00:40.464Z] <<< HTTP RESPONSE 200 {"server":"nginx","date":"Sat, 24 Apr 2021 18:00:41 GMT","content-type":"application/json; charset=utf-8","content-length":"15","connection":"keep-alive","access-control-allow-origin":"*","cache-control":"no-cache","strict-transport-security":"max-age=31556926; includeSubDomains; preload"}
[info] +  database: rules syntax for database firegram-28d73-default-rtdb is valid 
[debug] [2021-04-24T18:00:40.467Z] >>> HTTP REQUEST GET https://appengine.googleapis.com/v1/apps/firegram-28d73  
 
[debug] [2021-04-24T18:00:41.568Z] <<< HTTP RESPONSE 200 {"content-type":"application/json; charset=UTF-8","vary":"X-Origin, Referer, Origin,Accept-Encoding","date":"Sat, 24 Apr 2021 18:00:42 GMT","server":"ESF","cache-control":"private","x-xss-protection":"0","x-frame-options":"SAMEORIGIN","x-content-type-options":"nosniff","alt-svc":"h3-29=\":443\"; ma=2592000,h3-T051=\":443\"; ma=2592000,h3-Q050=\":443\"; ma=2592000,h3-Q046=\":443\"; ma=2592000,h3-Q043=\":443\"; ma=2592000,quic=\":443\"; ma=2592000; v=\"46,43\"","accept-ranges":"none","transfer-encoding":"chunked"}
[info] i  firebase.storage: checking storage.rules for compilation errors... 
[debug] [2021-04-24T18:00:41.571Z] >>> HTTP REQUEST POST https://firebaserules.googleapis.com/v1/projects/firegram-28d73:test  
 {"source":{"files":[{"name":"storage.rules","content":"rules_version = '2';\nservice firebase.storage {\n  match /b/{bucket}/o {\n    match /{allPaths=**} {\n      allow read, write: if request.auth!=null;\n    }\n  }\n}\n"}]}}
[debug] [2021-04-24T18:00:43.328Z] <<< HTTP RESPONSE 200 {"content-type":"application/json; charset=UTF-8","vary":"X-Origin, Referer, Origin,Accept-Encoding","date":"Sat, 24 Apr 2021 18:00:43 GMT","server":"ESF","cache-control":"private","x-xss-protection":"0","x-frame-options":"SAMEORIGIN","x-content-type-options":"nosniff","alt-svc":"h3-29=\":443\"; ma=2592000,h3-T051=\":443\"; ma=2592000,h3-Q050=\":443\"; ma=2592000,h3-Q046=\":443\"; ma=2592000,h3-Q043=\":443\"; ma=2592000,quic=\":443\"; ma=2592000; v=\"46,43\"","accept-ranges":"none","transfer-encoding":"chunked"}
[info] +  firebase.storage: rules file storage.rules compiled successfully 
[info] i  firestore: reading indexes from firestore.indexes.json... 
[info] i  cloud.firestore: checking firestore.rules for compilation errors... 
[debug] [2021-04-24T18:00:43.350Z] >>> HTTP REQUEST POST https://firebaserules.googleapis.com/v1/projects/firegram-28d73:test  
 {"source":{"files":[{"name":"firestore.rules","content":"rules_version = '2';\nservice cloud.firestore {\n  match /databases/{database}/documents {\n    match /{document=**} {\n      allow read, write: if\n          request.time < timestamp.date(2021, 5, 24);\n    }\n  }\n}"}]}}
[debug] [2021-04-24T18:00:44.849Z] <<< HTTP RESPONSE 200 {"content-type":"application/json; charset=UTF-8","vary":"X-Origin, Referer, Origin,Accept-Encoding","date":"Sat, 24 Apr 2021 18:00:45 GMT","server":"ESF","cache-control":"private","x-xss-protection":"0","x-frame-options":"SAMEORIGIN","x-content-type-options":"nosniff","alt-svc":"h3-29=\":443\"; ma=2592000,h3-T051=\":443\"; ma=2592000,h3-Q050=\":443\"; ma=2592000,h3-Q046=\":443\"; ma=2592000,h3-Q043=\":443\"; ma=2592000,quic=\":443\"; ma=2592000; v=\"46,43\"","accept-ranges":"none","transfer-encoding":"chunked"}
[info] +  cloud.firestore: rules file firestore.rules compiled successfully 
[debug] [2021-04-24T18:00:44.857Z] >>> HTTP REQUEST POST https://firebasehosting.googleapis.com/v1beta1/sites/firegram-28d73/versions  
 {"config":{"rewrites":[{"glob":"**","path":"/index.html"}]},"labels":{"deployment-tool":"cli-firebase"}}
[debug] [2021-04-24T18:00:47.369Z] <<< HTTP RESPONSE 200 {"content-type":"application/json; charset=UTF-8","vary":"X-Origin, Referer, Origin,Accept-Encoding","date":"Sat, 24 Apr 2021 18:00:47 GMT","server":"ESF","cache-control":"private","x-xss-protection":"0","x-frame-options":"SAMEORIGIN","x-content-type-options":"nosniff","alt-svc":"h3-29=\":443\"; ma=2592000,h3-T051=\":443\"; ma=2592000,h3-Q050=\":443\"; ma=2592000,h3-Q046=\":443\"; ma=2592000,h3-Q043=\":443\"; ma=2592000,quic=\":443\"; ma=2592000; v=\"46,43\"","accept-ranges":"none","transfer-encoding":"chunked"}
[debug] [2021-04-24T18:00:47.376Z] >>> HTTP REQUEST GET https://firebaserules.googleapis.com/v1/projects/firegram-28d73/releases?pageSize=10&pageToken=  
 
[debug] [2021-04-24T18:00:48.163Z] <<< HTTP RESPONSE 200 {"content-type":"application/json; charset=UTF-8","vary":"X-Origin, Referer, Origin,Accept-Encoding","date":"Sat, 24 Apr 2021 18:00:48 GMT","server":"ESF","cache-control":"private","x-xss-protection":"0","x-frame-options":"SAMEORIGIN","x-content-type-options":"nosniff","alt-svc":"h3-29=\":443\"; ma=2592000,h3-T051=\":443\"; ma=2592000,h3-Q050=\":443\"; ma=2592000,h3-Q046=\":443\"; ma=2592000,h3-Q043=\":443\"; ma=2592000,quic=\":443\"; ma=2592000; v=\"46,43\"","accept-ranges":"none","transfer-encoding":"chunked"}
[debug] [2021-04-24T18:00:48.165Z] >>> HTTP REQUEST GET https://firebaserules.googleapis.com/v1/projects/firegram-28d73/rulesets/c348ae51-71a3-4101-98e8-ddbc7b3b01ed  
 
[debug] [2021-04-24T18:00:49.868Z] <<< HTTP RESPONSE 200 {"content-type":"application/json; charset=UTF-8","vary":"X-Origin, Referer, Origin,Accept-Encoding","date":"Sat, 24 Apr 2021 18:00:50 GMT","server":"ESF","cache-control":"private","x-xss-protection":"0","x-frame-options":"SAMEORIGIN","x-content-type-options":"nosniff","alt-svc":"h3-29=\":443\"; ma=2592000,h3-T051=\":443\"; ma=2592000,h3-Q050=\":443\"; ma=2592000,h3-Q046=\":443\"; ma=2592000,h3-Q043=\":443\"; ma=2592000,quic=\":443\"; ma=2592000; v=\"46,43\"","accept-ranges":"none","transfer-encoding":"chunked"}
[info] i  storage: latest version of storage.rules already up to date, skipping upload... 
[debug] [2021-04-24T18:00:49.873Z] >>> HTTP REQUEST GET https://firebaserules.googleapis.com/v1/projects/firegram-28d73/releases?pageSize=10&pageToken=  
 
[debug] [2021-04-24T18:00:49.873Z] >>> HTTP REQUEST GET https://firestore.googleapis.com/v1/projects/firegram-28d73/databases/(default)/collectionGroups/-/indexes  
 
[debug] [2021-04-24T18:00:50.748Z] <<< HTTP RESPONSE 200 {"content-type":"application/json; charset=UTF-8","vary":"X-Origin, Referer, Origin,Accept-Encoding","date":"Sat, 24 Apr 2021 18:00:51 GMT","server":"ESF","cache-control":"private","x-xss-protection":"0","x-frame-options":"SAMEORIGIN","x-content-type-options":"nosniff","alt-svc":"h3-29=\":443\"; ma=2592000,h3-T051=\":443\"; ma=2592000,h3-Q050=\":443\"; ma=2592000,h3-Q046=\":443\"; ma=2592000,h3-Q043=\":443\"; ma=2592000,quic=\":443\"; ma=2592000; v=\"46,43\"","accept-ranges":"none","transfer-encoding":"chunked"}
[debug] [2021-04-24T18:00:50.749Z] >>> HTTP REQUEST GET https://firestore.googleapis.com/v1/projects/firegram-28d73/databases/(default)/collectionGroups/-/fields?filter=indexConfig.usesAncestorConfig=false  
 
[debug] [2021-04-24T18:00:51.402Z] <<< HTTP RESPONSE 200 {"content-type":"application/json; charset=UTF-8","vary":"X-Origin, Referer, Origin,Accept-Encoding","date":"Sat, 24 Apr 2021 18:00:52 GMT","server":"ESF","cache-control":"private","x-xss-protection":"0","x-frame-options":"SAMEORIGIN","x-content-type-options":"nosniff","alt-svc":"h3-29=\":443\"; ma=2592000,h3-T051=\":443\"; ma=2592000,h3-Q050=\":443\"; ma=2592000,h3-Q046=\":443\"; ma=2592000,h3-Q043=\":443\"; ma=2592000,quic=\":443\"; ma=2592000; v=\"46,43\"","accept-ranges":"none","transfer-encoding":"chunked"}
[debug] [2021-04-24T18:00:51.403Z] >>> HTTP REQUEST GET https://firebaserules.googleapis.com/v1/projects/firegram-28d73/rulesets/91d77310-6a5e-44fb-8182-4df5f21b1d94  
 
[debug] [2021-04-24T18:00:51.419Z] <<< HTTP RESPONSE 200 {"content-type":"application/json; charset=UTF-8","vary":"X-Origin, Referer, Origin,Accept-Encoding","date":"Sat, 24 Apr 2021 18:00:52 GMT","server":"ESF","cache-control":"private","x-xss-protection":"0","x-frame-options":"SAMEORIGIN","x-content-type-options":"nosniff","alt-svc":"h3-29=\":443\"; ma=2592000,h3-T051=\":443\"; ma=2592000,h3-Q050=\":443\"; ma=2592000,h3-Q046=\":443\"; ma=2592000,h3-Q043=\":443\"; ma=2592000,quic=\":443\"; ma=2592000; v=\"46,43\"","accept-ranges":"none","transfer-encoding":"chunked"}
[info] +  firestore: deployed indexes in firestore.indexes.json successfully 
[debug] [2021-04-24T18:00:53.127Z] <<< HTTP RESPONSE 200 {"content-type":"application/json; charset=UTF-8","vary":"X-Origin, Referer, Origin,Accept-Encoding","date":"Sat, 24 Apr 2021 18:00:53 GMT","server":"ESF","cache-control":"private","x-xss-protection":"0","x-frame-options":"SAMEORIGIN","x-content-type-options":"nosniff","alt-svc":"h3-29=\":443\"; ma=2592000,h3-T051=\":443\"; ma=2592000,h3-Q050=\":443\"; ma=2592000,h3-Q046=\":443\"; ma=2592000,h3-Q043=\":443\"; ma=2592000,quic=\":443\"; ma=2592000; v=\"46,43\"","accept-ranges":"none","transfer-encoding":"chunked"}
[info] i  firestore: latest version of firestore.rules already up to date, skipping upload... 
[info] i  hosting[firegram-28d73]: beginning deploy... 
[info] i  hosting[firegram-28d73]: found 18 files in build 
[debug] [2021-04-24T18:00:53.175Z] [hosting] hash cache [YnVpbGQ] not populated
[debug] [2021-04-24T18:00:54.059Z] > refreshing access token with scopes: []
[debug] [2021-04-24T18:00:54.059Z] >>> HTTP REQUEST POST https://www.googleapis.com/oauth2/v3/token  
 <request body omitted>
[debug] [2021-04-24T18:00:54.064Z] [hosting] hash cache [YnVpbGQ] stored for 18 files
[debug] [2021-04-24T18:00:54.065Z] [hosting][hash queue][FINAL] {"max":865,"min":35,"avg":91.83333333333333,"active":0,"complete":18,"success":18,"errored":0,"retried":0,"total":18,"elapsed":889}
[debug] [2021-04-24T18:00:54.483Z] <<< HTTP RESPONSE 200 {"pragma":"no-cache","expires":"Mon, 01 Jan 1990 00:00:00 GMT","date":"Sat, 24 Apr 2021 18:00:55 GMT","cache-control":"no-cache, no-store, max-age=0, must-revalidate","content-type":"application/json; charset=utf-8","vary":"X-Origin, Referer, Origin,Accept-Encoding","server":"scaffolding on HTTPServer2","x-xss-protection":"0","x-frame-options":"SAMEORIGIN","x-content-type-options":"nosniff","alt-svc":"h3-29=\":443\"; ma=2592000,h3-T051=\":443\"; ma=2592000,h3-Q050=\":443\"; ma=2592000,h3-Q046=\":443\"; ma=2592000,h3-Q043=\":443\"; ma=2592000,quic=\":443\"; ma=2592000; v=\"46,43\"","accept-ranges":"none","transfer-encoding":"chunked"}
[debug] [2021-04-24T18:00:54.934Z] >>> [apiv2][query] POST https://firebasehosting.googleapis.com/v1beta1/sites/firegram-28d73/versions/b50293c7bf8db78a:populateFiles [none]
[debug] [2021-04-24T18:00:54.934Z] >>> [apiv2][body] POST https://firebasehosting.googleapis.com/v1beta1/sites/firegram-28d73/versions/b50293c7bf8db78a:populateFiles {"files":{"/asset-manifest.json":"edf1622d7f77254e203bdf07b59725b1fe787adb493463d07b627c34c8909c0c","/index.html":"19da6b32a6857806d8649507efc2be4bf004ddcba90a8b032382e5fffca58c88","/manifest.json":"aff3449bdc238776f5d6d967f19ec491b36aed5fb7f23ccff6500736fd58494a","/robots.txt":"bfe106a3fb878dc83461c86818bf74fc1bdc7f28538ba613cd3e775516ce8b49","/static/css/main.c6c5e9cc.chunk.css":"e7e4dd9c843448719cd1f7efb84e3b0ea81ce3904304f2cc5bc1842c167e7e7d","/static/css/main.c6c5e9cc.chunk.css.map":"7fa19f3cff6e90cb590d30aa476fc8b834fded958047b8bd6afb3fbb6c62b1d7","/static/js/2.6dc737bc.chunk.js.LICENSE.txt":"b1f57c66c2442eac982a377351e1a852086bc9b97cd53847828a27bd6932bf5d","/static/js/3.612053f8.chunk.js":"d1b2ca8bbc8a08da170c97dfde0be43dc0ab7bf415db05bebafb339185d13799","/static/js/3.612053f8.chunk.js.map":"5c99f374bf627452814401f77c4cd4b1f2d96d27f330c296aa798744d0e69a8f","/static/js/main.e5c4a3f0.chunk.js":"67d1e3caf78ce84b50cdb6ddf4d7dd2799c3a9d2c33538e1a16c141a2ae247b0","/static/js/main.e5c4a3f0.chunk.js.map":"da7290bf70b64a9c0e3380052f3338353f707386cbe840f1bc7660f4e27ab4d5","/static/js/runtime-main.7908b0e0.js":"f2c86a7916fa44f7f1e7dc7af245ddce7d057138c77721553b82be4a036d77e0","/static/js/runtime-main.7908b0e0.js.map":"ec87d13c0867105fb892c29d33993d60a1dcd726e5d76e69bf5a4d4be5691cbf","/favicon.ico":"eae62e993eb980ec8a25058c39d5a51feab118bd2100c4deebb2a9c158ec11f9","/logo192.png":"3ee59515172ee198f3be375979df15ac5345183e656720a381b8872b2a39dc8b","/logo512.png":"ee7e2f3fdb8209c4b6fd7bef6ba50d1b9dba30a25bb5c3126df057e1cb6f5331","/static/js/2.6dc737bc.chunk.js":"c9bc596fca805ba4d1d3af988f97e8f8cc8b7a48fb09e62f43e01d57d508ad11","/static/js/2.6dc737bc.chunk.js.map":"524f3cc81edd32f2352e70fcec81f8ad4a9dbbf385179983f877226873f47144"}}
[debug] [2021-04-24T18:00:56.940Z] <<< [apiv2][status] POST https://firebasehosting.googleapis.com/v1beta1/sites/firegram-28d73/versions/b50293c7bf8db78a:populateFiles 200
[debug] [2021-04-24T18:00:56.941Z] <<< [apiv2][body] POST https://firebasehosting.googleapis.com/v1beta1/sites/firegram-28d73/versions/b50293c7bf8db78a:populateFiles {"uploadRequiredHashes":["19da6b32a6857806d8649507efc2be4bf004ddcba90a8b032382e5fffca58c88"],"uploadUrl":"https://upload-firebasehosting.googleapis.com/upload/sites/firegram-28d73/versions/b50293c7bf8db78a/files"}
[debug] [2021-04-24T18:00:56.944Z] >>> [apiv2][query] POST https://upload-firebasehosting.googleapis.com/upload/sites/firegram-28d73/versions/b50293c7bf8db78a/files/19da6b32a6857806d8649507efc2be4bf004ddcba90a8b032382e5fffca58c88 [none]
[debug] [2021-04-24T18:00:56.944Z] >>> [apiv2][body] POST https://upload-firebasehosting.googleapis.com/upload/sites/firegram-28d73/versions/b50293c7bf8db78a/files/19da6b32a6857806d8649507efc2be4bf004ddcba90a8b032382e5fffca58c88 [stream]
[debug] [2021-04-24T18:00:56.949Z] [hosting][populate queue][FINAL] {"max":2884,"min":2884,"avg":2884,"active":0,"complete":1,"success":1,"errored":0,"retried":0,"total":1,"elapsed":2890}
[debug] [2021-04-24T18:00:56.950Z] [hosting] uploads queued: 1
[debug] [2021-04-24T18:01:01.217Z] <<< [apiv2][status] POST https://upload-firebasehosting.googleapis.com/upload/sites/firegram-28d73/versions/b50293c7bf8db78a/files/19da6b32a6857806d8649507efc2be4bf004ddcba90a8b032382e5fffca58c88 200
[debug] [2021-04-24T18:01:01.217Z] <<< [apiv2][body] POST https://upload-firebasehosting.googleapis.com/upload/sites/firegram-28d73/versions/b50293c7bf8db78a/files/19da6b32a6857806d8649507efc2be4bf004ddcba90a8b032382e5fffca58c88 [stream]
[debug] [2021-04-24T18:01:01.218Z] [hosting][upload queue][FINAL] {"max":4276,"min":4276,"avg":4276,"active":0,"complete":1,"success":1,"errored":0,"retried":0,"total":1,"elapsed":4277}
[info] +  hosting[firegram-28d73]: file upload complete 
[debug] [2021-04-24T18:01:01.220Z] [hosting] deploy completed after 8088ms
[info] i  database: releasing rules... 
[debug] [2021-04-24T18:01:01.649Z] > refreshing access token with scopes: ["email","https://www.googleapis.com/auth/cloud-platform","https://www.googleapis.com/auth/cloudplatformprojects.readonly","https://www.googleapis.com/auth/firebase","openid"]
[debug] [2021-04-24T18:01:01.650Z] >>> HTTP REQUEST POST https://www.googleapis.com/oauth2/v3/token  
 <request body omitted>
[debug] [2021-04-24T18:01:02.084Z] <<< HTTP RESPONSE 200 {"cache-control":"no-cache, no-store, max-age=0, must-revalidate","pragma":"no-cache","expires":"Mon, 01 Jan 1990 00:00:00 GMT","date":"Sat, 24 Apr 2021 18:01:02 GMT","content-type":"application/json; charset=utf-8","vary":"X-Origin, Referer, Origin,Accept-Encoding","server":"scaffolding on HTTPServer2","x-xss-protection":"0","x-frame-options":"SAMEORIGIN","x-content-type-options":"nosniff","alt-svc":"h3-29=\":443\"; ma=2592000,h3-T051=\":443\"; ma=2592000,h3-Q050=\":443\"; ma=2592000,h3-Q046=\":443\"; ma=2592000,h3-Q043=\":443\"; ma=2592000,quic=\":443\"; ma=2592000; v=\"46,43\"","accept-ranges":"none","transfer-encoding":"chunked"}
[debug] [2021-04-24T18:01:02.156Z] >>> HTTP REQUEST GET https://firebasedatabase.googleapis.com/v1beta/projects/firegram-28d73/locations/-/instances/firegram-28d73-default-rtdb  
 
[debug] [2021-04-24T18:01:02.909Z] <<< HTTP RESPONSE 200 {"content-type":"application/json; charset=UTF-8","vary":"X-Origin, Referer, Origin,Accept-Encoding","date":"Sat, 24 Apr 2021 18:01:03 GMT","server":"ESF","cache-control":"private","x-xss-protection":"0","x-frame-options":"SAMEORIGIN","x-content-type-options":"nosniff","alt-svc":"h3-29=\":443\"; ma=2592000,h3-T051=\":443\"; ma=2592000,h3-Q050=\":443\"; ma=2592000,h3-Q046=\":443\"; ma=2592000,h3-Q043=\":443\"; ma=2592000,quic=\":443\"; ma=2592000; v=\"46,43\"","accept-ranges":"none","transfer-encoding":"chunked"}
[debug] [2021-04-24T18:01:02.910Z] >>> HTTP REQUEST PUT https://firegram-28d73-default-rtdb.firebaseio.com/.settings/rules.json  
 {
  "rules": {
    ".read": "now < 1621794600000",  // 2021-5-24
    ".write": "now < 1621794600000",  // 2021-5-24
  }
}
[debug] [2021-04-24T18:01:04.357Z] <<< HTTP RESPONSE 200 {"server":"nginx","date":"Sat, 24 Apr 2021 18:01:04 GMT","content-type":"application/json; charset=utf-8","content-length":"15","connection":"keep-alive","access-control-allow-origin":"*","cache-control":"no-cache","strict-transport-security":"max-age=31556926; includeSubDomains; preload"}
[info] +  database: rules for database firegram-28d73-default-rtdb released successfully 
[debug] [2021-04-24T18:01:04.360Z] [rules] releasing firebase.storage/firegram-28d73.appspot.com with ruleset projects/firegram-28d73/rulesets/c348ae51-71a3-4101-98e8-ddbc7b3b01ed
[debug] [2021-04-24T18:01:04.360Z] >>> HTTP REQUEST PATCH https://firebaserules.googleapis.com/v1/projects/firegram-28d73/releases/firebase.storage/firegram-28d73.appspot.com  
 {"release":{"name":"projects/firegram-28d73/releases/firebase.storage/firegram-28d73.appspot.com","rulesetName":"projects/firegram-28d73/rulesets/c348ae51-71a3-4101-98e8-ddbc7b3b01ed"}}
[debug] [2021-04-24T18:01:05.979Z] <<< HTTP RESPONSE 200 {"content-type":"application/json; charset=UTF-8","vary":"X-Origin, Referer, Origin,Accept-Encoding","date":"Sat, 24 Apr 2021 18:01:06 GMT","server":"ESF","cache-control":"private","x-xss-protection":"0","x-frame-options":"SAMEORIGIN","x-content-type-options":"nosniff","alt-svc":"h3-29=\":443\"; ma=2592000,h3-T051=\":443\"; ma=2592000,h3-Q050=\":443\"; ma=2592000,h3-Q046=\":443\"; ma=2592000,h3-Q043=\":443\"; ma=2592000,quic=\":443\"; ma=2592000; v=\"46,43\"","accept-ranges":"none","transfer-encoding":"chunked"}
[debug] [2021-04-24T18:01:05.980Z] [rules] updated release projects/firegram-28d73/releases/firebase.storage/firegram-28d73.appspot.com
[info] +  storage: released rules storage.rules to firebase.storage 
[debug] [2021-04-24T18:01:05.983Z] [rules] releasing cloud.firestore with ruleset projects/firegram-28d73/rulesets/91d77310-6a5e-44fb-8182-4df5f21b1d94
[debug] [2021-04-24T18:01:05.985Z] >>> HTTP REQUEST PATCH https://firebaserules.googleapis.com/v1/projects/firegram-28d73/releases/cloud.firestore  
 {"release":{"name":"projects/firegram-28d73/releases/cloud.firestore","rulesetName":"projects/firegram-28d73/rulesets/91d77310-6a5e-44fb-8182-4df5f21b1d94"}}
[debug] [2021-04-24T18:01:07.601Z] <<< HTTP RESPONSE 200 {"content-type":"application/json; charset=UTF-8","vary":"X-Origin, Referer, Origin,Accept-Encoding","date":"Sat, 24 Apr 2021 18:01:08 GMT","server":"ESF","cache-control":"private","x-xss-protection":"0","x-frame-options":"SAMEORIGIN","x-content-type-options":"nosniff","alt-svc":"h3-29=\":443\"; ma=2592000,h3-T051=\":443\"; ma=2592000,h3-Q050=\":443\"; ma=2592000,h3-Q046=\":443\"; ma=2592000,h3-Q043=\":443\"; ma=2592000,quic=\":443\"; ma=2592000; v=\"46,43\"","accept-ranges":"none","transfer-encoding":"chunked"}
[debug] [2021-04-24T18:01:07.605Z] [rules] updated release projects/firegram-28d73/releases/cloud.firestore
[info] +  firestore: released rules firestore.rules to cloud.firestore 
[debug] [2021-04-24T18:01:07.608Z] [
  {
    "config": {
      "public": "build",
      "ignore": [
        "firebase.json",
        "**/.*",
        "**/node_modules/**"
      ],
      "rewrites": [
        {
          "source": "**",
          "destination": "/index.html"
        }
      ],
      "site": "firegram-28d73"
    },
    "site": "firegram-28d73",
    "version": "sites/firegram-28d73/versions/b50293c7bf8db78a"
  }
]
[info] i  hosting[firegram-28d73]: finalizing version... 
[debug] [2021-04-24T18:01:07.614Z] >>> HTTP REQUEST PATCH https://firebasehosting.googleapis.com/v1beta1/sites/firegram-28d73/versions/b50293c7bf8db78a?updateMask=status  
 {"status":"FINALIZED"}
[debug] [2021-04-24T18:01:09.488Z] <<< HTTP RESPONSE 200 {"content-type":"application/json; charset=UTF-8","vary":"X-Origin, Referer, Origin,Accept-Encoding","date":"Sat, 24 Apr 2021 18:01:10 GMT","server":"ESF","cache-control":"private","x-xss-protection":"0","x-frame-options":"SAMEORIGIN","x-content-type-options":"nosniff","alt-svc":"h3-29=\":443\"; ma=2592000,h3-T051=\":443\"; ma=2592000,h3-Q050=\":443\"; ma=2592000,h3-Q046=\":443\"; ma=2592000,h3-Q043=\":443\"; ma=2592000,quic=\":443\"; ma=2592000; v=\"46,43\"","accept-ranges":"none","transfer-encoding":"chunked"}
[debug] [2021-04-24T18:01:09.488Z] [hosting] finalized version for firegram-28d73: {"name":"sites/firegram-28d73/versions/b50293c7bf8db78a","status":"FINALIZED","config":{"rewrites":[{"glob":"**","path":"/index.html"}]},"labels":{"deployment-tool":"cli-firebase"},"createTime":"2021-04-24T18:00:47.584752Z","createUser":{"email":"raghunath18m@gmail.com"},"finalizeTime":"2021-04-24T18:01:10.124676Z","finalizeUser":{"email":"raghunath18m@gmail.com"}}
[info] +  hosting[firegram-28d73]: version finalized 
[info] i  hosting[firegram-28d73]: releasing new version... 
[debug] [2021-04-24T18:01:09.490Z] >>> HTTP REQUEST POST https://firebasehosting.googleapis.com/v1beta1/sites/firegram-28d73/releases?version_name=sites/firegram-28d73/versions/b50293c7bf8db78a  
 {"message":null}
[debug] [2021-04-24T18:01:11.372Z] <<< HTTP RESPONSE 200 {"content-type":"application/json; charset=UTF-8","vary":"X-Origin, Referer, Origin,Accept-Encoding","date":"Sat, 24 Apr 2021 18:01:12 GMT","server":"ESF","cache-control":"private","x-xss-protection":"0","x-frame-options":"SAMEORIGIN","x-content-type-options":"nosniff","alt-svc":"h3-29=\":443\"; ma=2592000,h3-T051=\":443\"; ma=2592000,h3-Q050=\":443\"; ma=2592000,h3-Q046=\":443\"; ma=2592000,h3-Q043=\":443\"; ma=2592000,quic=\":443\"; ma=2592000; v=\"46,43\"","accept-ranges":"none","transfer-encoding":"chunked"}
[debug] [2021-04-24T18:01:11.374Z] [hosting] release: {"name":"sites/firegram-28d73/releases/1619287271451959","version":{"name":"sites/firegram-28d73/versions/b50293c7bf8db78a","status":"FINALIZED","config":{"rewrites":[{"glob":"**","path":"/index.html"}]},"labels":{"deployment-tool":"cli-firebase"},"createTime":"2021-04-24T18:00:47.584752Z","createUser":{"email":"raghunath18m@gmail.com"},"finalizeTime":"2021-04-24T18:01:10.124676Z","finalizeUser":{"email":"raghunath18m@gmail.com"},"preview":{}},"type":"DEPLOY","releaseTime":"2021-04-24T18:01:11.451959382Z","releaseUser":{"email":"raghunath18m@gmail.com"}}
[info] +  hosting[firegram-28d73]: release complete 
[info] 
[info] +  Deploy complete! 
[info] 
[info] Project Console: https://console.firebase.google.com/project/firegram-28d73/overview
[info] Hosting URL: https://firegram-28d73.web.app
